<?xml version="1.0" encoding="UTF-8"?>
<!-- Generated by org.testng.reporters.JUnitXMLReporter -->
<testsuite hostname="NDI-LAP-790" ignored="0" name="Default test" tests="4" failures="0" timestamp="18 Dec 2018 09:27:57 GMT" time="70.723" errors="0">
  <testcase name="verifyloginWithInValidCredentials" time="15.299" classname="com.ja.test.AccountLoginTest"/>
  <testcase name="verifyloginWithInValidCredentials" time="11.075" classname="com.ja.test.AccountLoginTest"/>
  <testcase name="verifyloginWithInValidCredentials" time="10.983" classname="com.ja.test.AccountLoginTest"/>
  <testcase name="verifyloginWithValidCredentials" time="21.922" classname="com.ja.test.AccountLoginTest"/>
</testsuite> <!-- Default test -->
