<?xml version="1.0" encoding="UTF-8"?>
<testng-results skipped="0" failed="0" ignored="0" total="4" passed="4">
  <reporter-output>
  </reporter-output>
  <suite name="Default suite" duration-ms="70723" started-at="2018-12-18T09:26:47Z" finished-at="2018-12-18T09:27:57Z">
    <groups>
      <group name="regression">
        <method signature="AccountLoginTest.verifyloginWithInValidCredentials(java.lang.String, java.lang.String)[pri:1, instance:com.ja.test.AccountLoginTest@598067a5]" name="verifyloginWithInValidCredentials" class="com.ja.test.AccountLoginTest"/>
        <method signature="AccountLoginTest.verifyloginWithValidCredentials()[pri:2, instance:com.ja.test.AccountLoginTest@598067a5]" name="verifyloginWithValidCredentials" class="com.ja.test.AccountLoginTest"/>
      </group> <!-- regression -->
      <group name="smoke">
        <method signature="AccountLoginTest.verifyloginWithValidCredentials()[pri:2, instance:com.ja.test.AccountLoginTest@598067a5]" name="verifyloginWithValidCredentials" class="com.ja.test.AccountLoginTest"/>
      </group> <!-- smoke -->
    </groups>
    <test name="Default test" duration-ms="70723" started-at="2018-12-18T09:26:47Z" finished-at="2018-12-18T09:27:57Z">
      <class name="com.ja.test.AccountLoginTest">
        <test-method status="PASS" signature="initDriver()[pri:0, instance:com.ja.test.AccountLoginTest@598067a5]" name="initDriver" is-config="true" duration-ms="9614" started-at="2018-12-18T14:56:47Z" finished-at="2018-12-18T14:56:56Z">
          <reporter-output>
          </reporter-output>
        </test-method> <!-- initDriver -->
        <test-method status="PASS" signature="verifyloginWithInValidCredentials(java.lang.String, java.lang.String)[pri:1, instance:com.ja.test.AccountLoginTest@598067a5]" name="verifyloginWithInValidCredentials" duration-ms="15299" started-at="2018-12-18T14:56:57Z" description="Verification of login screen with invalid credentials" data-provider="Datafactory" finished-at="2018-12-18T14:57:12Z">
          <params>
            <param index="0">
              <value>
                <![CDATA[Khushboo1]]>
              </value>
            </param>
            <param index="1">
              <value>
                <![CDATA[passworda]]>
              </value>
            </param>
          </params>
          <reporter-output>
          </reporter-output>
        </test-method> <!-- verifyloginWithInValidCredentials -->
        <test-method status="PASS" signature="verifyloginWithInValidCredentials(java.lang.String, java.lang.String)[pri:1, instance:com.ja.test.AccountLoginTest@598067a5]" name="verifyloginWithInValidCredentials" duration-ms="11075" started-at="2018-12-18T14:57:12Z" description="Verification of login screen with invalid credentials" data-provider="Datafactory" finished-at="2018-12-18T14:57:23Z">
          <params>
            <param index="0">
              <value>
                <![CDATA[Khushboo2]]>
              </value>
            </param>
            <param index="1">
              <value>
                <![CDATA[passwordb]]>
              </value>
            </param>
          </params>
          <reporter-output>
          </reporter-output>
        </test-method> <!-- verifyloginWithInValidCredentials -->
        <test-method status="PASS" signature="verifyloginWithInValidCredentials(java.lang.String, java.lang.String)[pri:1, instance:com.ja.test.AccountLoginTest@598067a5]" name="verifyloginWithInValidCredentials" duration-ms="10983" started-at="2018-12-18T14:57:23Z" description="Verification of login screen with invalid credentials" data-provider="Datafactory" finished-at="2018-12-18T14:57:34Z">
          <params>
            <param index="0">
              <value>
                <![CDATA[Khushboo3]]>
              </value>
            </param>
            <param index="1">
              <value>
                <![CDATA[passwordc]]>
              </value>
            </param>
          </params>
          <reporter-output>
          </reporter-output>
        </test-method> <!-- verifyloginWithInValidCredentials -->
        <test-method status="PASS" signature="verifyloginWithValidCredentials()[pri:2, instance:com.ja.test.AccountLoginTest@598067a5]" name="verifyloginWithValidCredentials" duration-ms="21922" started-at="2018-12-18T14:57:34Z" description="Verification of login screen with valid credentails" finished-at="2018-12-18T14:57:56Z">
          <reporter-output>
          </reporter-output>
        </test-method> <!-- verifyloginWithValidCredentials -->
        <test-method status="PASS" signature="deleteRecord()[pri:0, instance:com.ja.test.AccountLoginTest@598067a5]" name="deleteRecord" is-config="true" duration-ms="1421" started-at="2018-12-18T14:57:56Z" finished-at="2018-12-18T14:57:57Z">
          <reporter-output>
          </reporter-output>
        </test-method> <!-- deleteRecord -->
      </class> <!-- com.ja.test.AccountLoginTest -->
    </test> <!-- Default test -->
  </suite> <!-- Default suite -->
</testng-results>
